AndroidDeskClock/build/outputs/logs/manifest-merger-debug-report.txt
-- Merging decision tree log ---
manifest
ADDED from codeparts\AndroidDeskClock\AndroidManifest.xml:18:1-372:12
	package
		ADDED from codeparts\AndroidDeskClock\AndroidManifest.xml:19:9-40
		INJECTED from codeparts\AndroidDeskClock\AndroidManifest.xml
		INJECTED from codeparts\AndroidDeskClock\AndroidManifest.xml
	android:versionName
		ADDED from codeparts\AndroidDeskClock\AndroidManifest.xml:20:35-62
	android:versionCode
		ADDED from codeparts\AndroidDeskClock\AndroidManifest.xml:20:9-34
		INJECTED from codeparts\AndroidDeskClock\AndroidManifest.xml
		INJECTED from codeparts\AndroidDeskClock\AndroidManifest.xml
	xmlns:android
		ADDED from codeparts\AndroidDeskClock\AndroidManifest.xml:18:11-69
original-package
ADDED from codeparts\AndroidDeskClock\AndroidManifest.xml:22:5-63
	android:name
		ADDED from codeparts\AndroidDeskClock\AndroidManifest.xml:22:23-60
uses-sdk
ADDED from codeparts\AndroidDeskClock\AndroidManifest.xml:25:5-74
MERGED from [com.android.support:design:23.0.1] AndroidManifest.xml:20:5-43
MERGED from [com.android.support:support-v4:23.0.1] AndroidManifest.xml:20:5-43
MERGED from [com.android.support:appcompat-v7:23.0.1] AndroidManifest.xml:20:5-43
MERGED from [com.android.support:support-v4:23.0.1] AndroidManifest.xml:20:5-43
MERGED from [com.android.support:appcompat-v7:23.0.1] AndroidManifest.xml:20:5-43
MERGED from [com.android.support:support-v4:23.0.1] AndroidManifest.xml:20:5-43
MERGED from [com.android.support:gridlayout-v7:23.0.1] AndroidManifest.xml:20:5-43
MERGED from [com.android.support:support-v4:23.0.1] AndroidManifest.xml:20:5-43
MERGED from [com.android.support:recyclerview-v7:23.0.1] AndroidManifest.xml:20:5-43
MERGED from [com.android.support:support-v4:23.0.1] AndroidManifest.xml:20:5-43
MERGED from [com.android.support:support-v13:23.0.1] AndroidManifest.xml:20:5-44
MERGED from [com.android.support:support-v4:23.0.1] AndroidManifest.xml:20:5-43
MERGED from [com.android:datetimepicker:1.0.0] AndroidManifest.xml:16:5-73
	android:targetSdkVersion
		ADDED from codeparts\AndroidDeskClock\AndroidManifest.xml:25:42-71
	android:minSdkVersion
		ADDED from codeparts\AndroidDeskClock\AndroidManifest.xml:25:15-41
uses-permission#android.permission.RECEIVE_BOOT_COMPLETED
ADDED from codeparts\AndroidDeskClock\AndroidManifest.xml:27:5-81
	android:name
		ADDED from codeparts\AndroidDeskClock\AndroidManifest.xml:27:22-78
uses-permission#android.permission.WAKE_LOCK
ADDED from codeparts\AndroidDeskClock\AndroidManifest.xml:28:5-67
	android:name
		ADDED from codeparts\AndroidDeskClock\AndroidManifest.xml:28:22-65
uses-permission#android.permission.VIBRATE
ADDED from codeparts\AndroidDeskClock\AndroidManifest.xml:29:5-65
MERGED from [com.android:datetimepicker:1.0.0] AndroidManifest.xml:18:5-65
	android:name
		ADDED from codeparts\AndroidDeskClock\AndroidManifest.xml:29:22-63
uses-permission#android.permission.DISABLE_KEYGUARD
ADDED from codeparts\AndroidDeskClock\AndroidManifest.xml:30:5-75
	android:name
		ADDED from codeparts\AndroidDeskClock\AndroidManifest.xml:30:22-72
uses-permission#android.permission.WRITE_SETTINGS
ADDED from codeparts\AndroidDeskClock\AndroidManifest.xml:32:5-73
	android:name
		ADDED from codeparts\AndroidDeskClock\AndroidManifest.xml:32:22-70
uses-permission#android.permission.READ_PHONE_STATE
ADDED from codeparts\AndroidDeskClock\AndroidManifest.xml:34:5-75
	android:name
		ADDED from codeparts\AndroidDeskClock\AndroidManifest.xml:34:22-72
uses-permission#android.permission.READ_EXTERNAL_STORAGE
ADDED from codeparts\AndroidDeskClock\AndroidManifest.xml:36:5-80
	android:name
		ADDED from codeparts\AndroidDeskClock\AndroidManifest.xml:36:22-77
application
ADDED from codeparts\AndroidDeskClock\AndroidManifest.xml:38:5-371:19
MERGED from [com.android.support:design:23.0.1] AndroidManifest.xml:22:5-20
MERGED from [com.android.support:support-v4:23.0.1] AndroidManifest.xml:22:5-20
MERGED from [com.android.support:appcompat-v7:23.0.1] AndroidManifest.xml:22:5-20
MERGED from [com.android.support:support-v4:23.0.1] AndroidManifest.xml:22:5-20
MERGED from [com.android.support:appcompat-v7:23.0.1] AndroidManifest.xml:22:5-20
MERGED from [com.android.support:support-v4:23.0.1] AndroidManifest.xml:22:5-20
MERGED from [com.android.support:gridlayout-v7:23.0.1] AndroidManifest.xml:22:5-20
MERGED from [com.android.support:support-v4:23.0.1] AndroidManifest.xml:22:5-20
MERGED from [com.android.support:support-v4:23.0.1] AndroidManifest.xml:22:5-20
MERGED from [com.android.support:support-v13:23.0.1] AndroidManifest.xml:22:5-20
MERGED from [com.android.support:support-v4:23.0.1] AndroidManifest.xml:22:5-20
	android:backupAgent
		ADDED from codeparts\AndroidDeskClock\AndroidManifest.xml:41:18-60
	android:label
		ADDED from codeparts\AndroidDeskClock\AndroidManifest.xml:38:18-51
	android:supportsRtl
		ADDED from codeparts\AndroidDeskClock\AndroidManifest.xml:46:18-44
	android:requiredForAllUsers
		ADDED from codeparts\AndroidDeskClock\AndroidManifest.xml:45:18-52
	android:fullBackupContent
		ADDED from codeparts\AndroidDeskClock\AndroidManifest.xml:42:18-64
	android:allowBackup
		ADDED from codeparts\AndroidDeskClock\AndroidManifest.xml:40:18-44
	android:icon
		ADDED from codeparts\AndroidDeskClock\AndroidManifest.xml:44:18-52
	android:fullBackupOnly
		ADDED from codeparts\AndroidDeskClock\AndroidManifest.xml:43:18-47
	android:name
		ADDED from codeparts\AndroidDeskClock\AndroidManifest.xml:39:18-54
provider#com.android.deskclock.provider.ClockProvider
ADDED from codeparts\AndroidDeskClock\AndroidManifest.xml:48:9-50:44
	android:authorities
		ADDED from codeparts\AndroidDeskClock\AndroidManifest.xml:49:17-60
	android:exported
		ADDED from codeparts\AndroidDeskClock\AndroidManifest.xml:50:17-41
	android:name
		ADDED from codeparts\AndroidDeskClock\AndroidManifest.xml:48:19-57
activity#com.android.deskclock.DeskClock
ADDED from codeparts\AndroidDeskClock\AndroidManifest.xml:52:9-63:20
	android:label
		ADDED from codeparts\AndroidDeskClock\AndroidManifest.xml:53:17-50
	android:launchMode
		ADDED from codeparts\AndroidDeskClock\AndroidManifest.xml:56:17-48
	android:icon
		ADDED from codeparts\AndroidDeskClock\AndroidManifest.xml:55:17-51
	android:theme
		ADDED from codeparts\AndroidDeskClock\AndroidManifest.xml:54:17-54
	android:name
		ADDED from codeparts\AndroidDeskClock\AndroidManifest.xml:52:19-43
intent-filter#android.intent.action.MAIN+android.intent.category.DEFAULT+android.intent.category.LAUNCHER
ADDED from codeparts\AndroidDeskClock\AndroidManifest.xml:58:13-62:29
action#android.intent.action.MAIN
ADDED from codeparts\AndroidDeskClock\AndroidManifest.xml:59:17-69
	android:name
		ADDED from codeparts\AndroidDeskClock\AndroidManifest.xml:59:25-66
category#android.intent.category.DEFAULT
ADDED from codeparts\AndroidDeskClock\AndroidManifest.xml:60:17-76
	android:name
		ADDED from codeparts\AndroidDeskClock\AndroidManifest.xml:60:27-73
category#android.intent.category.LAUNCHER
ADDED from codeparts\AndroidDeskClock\AndroidManifest.xml:61:17-77
	android:name
		ADDED from codeparts\AndroidDeskClock\AndroidManifest.xml:61:27-74
activity-alias#com.android.deskclock.DockClock
ADDED from codeparts\AndroidDeskClock\AndroidManifest.xml:65:9-78:26
	android:enabled
		ADDED from codeparts\AndroidDeskClock\AndroidManifest.xml:71:17-62
	android:label
		ADDED from codeparts\AndroidDeskClock\AndroidManifest.xml:67:17-50
	android:launchMode
		ADDED from codeparts\AndroidDeskClock\AndroidManifest.xml:70:17-48
	android:targetActivity
		ADDED from codeparts\AndroidDeskClock\AndroidManifest.xml:66:17-51
	android:icon
		ADDED from codeparts\AndroidDeskClock\AndroidManifest.xml:69:17-51
	android:theme
		ADDED from codeparts\AndroidDeskClock\AndroidManifest.xml:68:17-54
	android:name
		ADDED from codeparts\AndroidDeskClock\AndroidManifest.xml:65:25-49
intent-filter#android.intent.action.MAIN+android.intent.category.DEFAULT+android.intent.category.DESK_DOCK
ADDED from codeparts\AndroidDeskClock\AndroidManifest.xml:73:13-77:29
category#android.intent.category.DESK_DOCK
ADDED from codeparts\AndroidDeskClock\AndroidManifest.xml:76:17-78
	android:name
		ADDED from codeparts\AndroidDeskClock\AndroidManifest.xml:76:27-75
activity#com.android.deskclock.settings.SettingsActivity
ADDED from codeparts\AndroidDeskClock\AndroidManifest.xml:80:9-89:20
	android:label
		ADDED from codeparts\AndroidDeskClock\AndroidManifest.xml:81:17-49
	android:excludeFromRecents
		ADDED from codeparts\AndroidDeskClock\AndroidManifest.xml:84:17-50
	android:theme
		ADDED from codeparts\AndroidDeskClock\AndroidManifest.xml:82:17-53
	android:taskAffinity
		ADDED from codeparts\AndroidDeskClock\AndroidManifest.xml:83:17-40
	android:name
		ADDED from codeparts\AndroidDeskClock\AndroidManifest.xml:80:19-60
intent-filter#android.intent.action.MAIN
ADDED from codeparts\AndroidDeskClock\AndroidManifest.xml:86:13-88:29
activity#com.android.deskclock.worldclock.CitySelectionActivity
ADDED from codeparts\AndroidDeskClock\AndroidManifest.xml:91:9-99:20
	android:label
		ADDED from codeparts\AndroidDeskClock\AndroidManifest.xml:92:17-62
	android:excludeFromRecents
		ADDED from codeparts\AndroidDeskClock\AndroidManifest.xml:95:17-50
	android:theme
		ADDED from codeparts\AndroidDeskClock\AndroidManifest.xml:93:17-51
	android:taskAffinity
		ADDED from codeparts\AndroidDeskClock\AndroidManifest.xml:94:17-40
	android:name
		ADDED from codeparts\AndroidDeskClock\AndroidManifest.xml:91:19-67
activity#com.android.deskclock.alarms.AlarmActivity
ADDED from codeparts\AndroidDeskClock\AndroidManifest.xml:101:9-106:51
	android:excludeFromRecents
		ADDED from codeparts\AndroidDeskClock\AndroidManifest.xml:103:17-50
	android:windowSoftInputMode
		ADDED from codeparts\AndroidDeskClock\AndroidManifest.xml:105:17-64
	android:showOnLockScreen
		ADDED from codeparts\AndroidDeskClock\AndroidManifest.xml:106:17-48
	android:theme
		ADDED from codeparts\AndroidDeskClock\AndroidManifest.xml:104:17-65
	android:taskAffinity
		ADDED from codeparts\AndroidDeskClock\AndroidManifest.xml:102:17-40
	android:name
		ADDED from codeparts\AndroidDeskClock\AndroidManifest.xml:101:19-55
activity#com.android.deskclock.ScreensaverActivity
ADDED from codeparts\AndroidDeskClock\AndroidManifest.xml:108:9-112:90
	android:excludeFromRecents
		ADDED from codeparts\AndroidDeskClock\AndroidManifest.xml:109:17-50
	android:configChanges
		ADDED from codeparts\AndroidDeskClock\AndroidManifest.xml:112:17-87
	android:theme
		ADDED from codeparts\AndroidDeskClock\AndroidManifest.xml:111:17-64
	android:taskAffinity
		ADDED from codeparts\AndroidDeskClock\AndroidManifest.xml:110:17-40
	android:name
		ADDED from codeparts\AndroidDeskClock\AndroidManifest.xml:108:19-53
receiver#com.android.deskclock.alarms.AlarmStateManager
ADDED from codeparts\AndroidDeskClock\AndroidManifest.xml:114:9-116:20
	android:exported
		ADDED from codeparts\AndroidDeskClock\AndroidManifest.xml:115:19-43
	android:name
		ADDED from codeparts\AndroidDeskClock\AndroidManifest.xml:114:19-59
service#com.android.deskclock.alarms.AlarmService
ADDED from codeparts\AndroidDeskClock\AndroidManifest.xml:118:9-120:19
	android:exported
		ADDED from codeparts\AndroidDeskClock\AndroidManifest.xml:119:18-42
	android:name
		ADDED from codeparts\AndroidDeskClock\AndroidManifest.xml:118:18-53
activity#com.android.deskclock.HandleApiCalls
ADDED from codeparts\AndroidDeskClock\AndroidManifest.xml:122:9-153:20
	android:excludeFromRecents
		ADDED from codeparts\AndroidDeskClock\AndroidManifest.xml:124:17-50
	android:launchMode
		ADDED from codeparts\AndroidDeskClock\AndroidManifest.xml:125:17-48
	android:permission
		ADDED from codeparts\AndroidDeskClock\AndroidManifest.xml:126:17-76
	android:theme
		ADDED from codeparts\AndroidDeskClock\AndroidManifest.xml:123:17-63
	android:taskAffinity
		ADDED from codeparts\AndroidDeskClock\AndroidManifest.xml:127:17-40
	android:name
		ADDED from codeparts\AndroidDeskClock\AndroidManifest.xml:122:19-48
intent-filter#android.intent.action.SET_ALARM+android.intent.category.DEFAULT+android.intent.category.VOICE
ADDED from codeparts\AndroidDeskClock\AndroidManifest.xml:128:13-132:29
action#android.intent.action.SET_ALARM
ADDED from codeparts\AndroidDeskClock\AndroidManifest.xml:129:17-74
	android:name
		ADDED from codeparts\AndroidDeskClock\AndroidManifest.xml:129:25-71
category#android.intent.category.VOICE
ADDED from codeparts\AndroidDeskClock\AndroidManifest.xml:131:17-74
	android:name
		ADDED from codeparts\AndroidDeskClock\AndroidManifest.xml:131:27-71
intent-filter#android.intent.action.DISMISS_ALARM+android.intent.category.DEFAULT+android.intent.category.VOICE
ADDED from codeparts\AndroidDeskClock\AndroidManifest.xml:133:13-137:29
action#android.intent.action.DISMISS_ALARM
ADDED from codeparts\AndroidDeskClock\AndroidManifest.xml:134:17-78
	android:name
		ADDED from codeparts\AndroidDeskClock\AndroidManifest.xml:134:25-75
intent-filter#android.intent.action.SNOOZE_ALARM+android.intent.category.DEFAULT+android.intent.category.VOICE
ADDED from codeparts\AndroidDeskClock\AndroidManifest.xml:138:13-142:29
action#android.intent.action.SNOOZE_ALARM
ADDED from codeparts\AndroidDeskClock\AndroidManifest.xml:139:17-77
	android:name
		ADDED from codeparts\AndroidDeskClock\AndroidManifest.xml:139:25-74
intent-filter#android.intent.action.SHOW_ALARMS+android.intent.category.DEFAULT+android.intent.category.VOICE
ADDED from codeparts\AndroidDeskClock\AndroidManifest.xml:143:13-147:29
action#android.intent.action.SHOW_ALARMS
ADDED from codeparts\AndroidDeskClock\AndroidManifest.xml:144:17-76
	android:name
		ADDED from codeparts\AndroidDeskClock\AndroidManifest.xml:144:25-73
intent-filter#android.intent.action.SET_TIMER+android.intent.category.DEFAULT+android.intent.category.VOICE
ADDED from codeparts\AndroidDeskClock\AndroidManifest.xml:148:13-152:29
action#android.intent.action.SET_TIMER
ADDED from codeparts\AndroidDeskClock\AndroidManifest.xml:149:17-74
	android:name
		ADDED from codeparts\AndroidDeskClock\AndroidManifest.xml:149:25-71
activity-alias#com.android.deskclock.HandleSetAlarm
ADDED from codeparts\AndroidDeskClock\AndroidManifest.xml:155:9-158:26
	android:exported
		ADDED from codeparts\AndroidDeskClock\AndroidManifest.xml:157:13-36
	android:targetActivity
		ADDED from codeparts\AndroidDeskClock\AndroidManifest.xml:156:13-53
	android:name
		ADDED from codeparts\AndroidDeskClock\AndroidManifest.xml:155:25-54
activity#com.android.deskclock.HandleDeskClockApiCalls
ADDED from codeparts\AndroidDeskClock\AndroidManifest.xml:160:9-231:20
	android:excludeFromRecents
		ADDED from codeparts\AndroidDeskClock\AndroidManifest.xml:162:13-46
	android:launchMode
		ADDED from codeparts\AndroidDeskClock\AndroidManifest.xml:163:13-44
	android:permission
		ADDED from codeparts\AndroidDeskClock\AndroidManifest.xml:164:13-72
	android:theme
		ADDED from codeparts\AndroidDeskClock\AndroidManifest.xml:161:13-59
	android:taskAffinity
		ADDED from codeparts\AndroidDeskClock\AndroidManifest.xml:165:13-36
	android:name
		ADDED from codeparts\AndroidDeskClock\AndroidManifest.xml:160:19-58
intent-filter#android.intent.category.DEFAULT+android.intent.category.VOICE+com.android.deskclock.action.SHOW_CLOCK
ADDED from codeparts\AndroidDeskClock\AndroidManifest.xml:166:13-170:29
action#com.android.deskclock.action.SHOW_CLOCK
ADDED from codeparts\AndroidDeskClock\AndroidManifest.xml:167:17-82
	android:name
		ADDED from codeparts\AndroidDeskClock\AndroidManifest.xml:167:25-79
intent-filter#android.intent.category.DEFAULT+android.intent.category.VOICE+com.android.deskclock.action.ADD_CLOCK
ADDED from codeparts\AndroidDeskClock\AndroidManifest.xml:171:13-175:29
action#com.android.deskclock.action.ADD_CLOCK
ADDED from codeparts\AndroidDeskClock\AndroidManifest.xml:172:17-81
	android:name
		ADDED from codeparts\AndroidDeskClock\AndroidManifest.xml:172:25-78
intent-filter#android.intent.category.DEFAULT+android.intent.category.VOICE+com.android.deskclock.action.DELETE_CLOCK
ADDED from codeparts\AndroidDeskClock\AndroidManifest.xml:176:13-180:29
action#com.android.deskclock.action.DELETE_CLOCK
ADDED from codeparts\AndroidDeskClock\AndroidManifest.xml:177:17-84
	android:name
		ADDED from codeparts\AndroidDeskClock\AndroidManifest.xml:177:25-81
intent-filter#android.intent.category.DEFAULT+android.intent.category.VOICE+com.android.deskclock.action.START_TIMER
ADDED from codeparts\AndroidDeskClock\AndroidManifest.xml:181:13-185:29
action#com.android.deskclock.action.START_TIMER
ADDED from codeparts\AndroidDeskClock\AndroidManifest.xml:182:17-83
	android:name
		ADDED from codeparts\AndroidDeskClock\AndroidManifest.xml:182:25-80
intent-filter#android.intent.category.DEFAULT+android.intent.category.VOICE+com.android.deskclock.action.RESET_TIMER
ADDED from codeparts\AndroidDeskClock\AndroidManifest.xml:186:13-190:29
action#com.android.deskclock.action.RESET_TIMER
ADDED from codeparts\AndroidDeskClock\AndroidManifest.xml:187:17-83
	android:name
		ADDED from codeparts\AndroidDeskClock\AndroidManifest.xml:187:25-80
intent-filter#android.intent.category.DEFAULT+android.intent.category.VOICE+com.android.deskclock.action.STOP_TIMER
ADDED from codeparts\AndroidDeskClock\AndroidManifest.xml:191:13-195:29
action#com.android.deskclock.action.STOP_TIMER
ADDED from codeparts\AndroidDeskClock\AndroidManifest.xml:192:17-82
	android:name
		ADDED from codeparts\AndroidDeskClock\AndroidManifest.xml:192:25-79
intent-filter#android.intent.category.DEFAULT+android.intent.category.VOICE+com.android.deskclock.action.SHOW_TIMERS
ADDED from codeparts\AndroidDeskClock\AndroidManifest.xml:196:13-200:29
action#com.android.deskclock.action.SHOW_TIMERS
ADDED from codeparts\AndroidDeskClock\AndroidManifest.xml:197:17-83
	android:name
		ADDED from codeparts\AndroidDeskClock\AndroidManifest.xml:197:25-80
intent-filter#android.intent.category.DEFAULT+android.intent.category.VOICE+com.android.deskclock.action.DELETE_TIMER
ADDED from codeparts\AndroidDeskClock\AndroidManifest.xml:201:13-205:29
action#com.android.deskclock.action.DELETE_TIMER
ADDED from codeparts\AndroidDeskClock\AndroidManifest.xml:202:17-84
	android:name
		ADDED from codeparts\AndroidDeskClock\AndroidManifest.xml:202:25-81
intent-filter#android.intent.category.DEFAULT+android.intent.category.VOICE+com.android.deskclock.action.SHOW_STOPWATCH
ADDED from codeparts\AndroidDeskClock\AndroidManifest.xml:206:13-210:29
action#com.android.deskclock.action.SHOW_STOPWATCH
ADDED from codeparts\AndroidDeskClock\AndroidManifest.xml:207:17-86
	android:name
		ADDED from codeparts\AndroidDeskClock\AndroidManifest.xml:207:25-83
intent-filter#android.intent.category.DEFAULT+android.intent.category.VOICE+com.android.deskclock.action.START_STOPWATCH
ADDED from codeparts\AndroidDeskClock\AndroidManifest.xml:211:13-215:29
action#com.android.deskclock.action.START_STOPWATCH
ADDED from codeparts\AndroidDeskClock\AndroidManifest.xml:212:17-87
	android:name
		ADDED from codeparts\AndroidDeskClock\AndroidManifest.xml:212:25-84
intent-filter#android.intent.category.DEFAULT+android.intent.category.VOICE+com.android.deskclock.action.STOP_STOPWATCH
ADDED from codeparts\AndroidDeskClock\AndroidManifest.xml:216:13-220:29
action#com.android.deskclock.action.STOP_STOPWATCH
ADDED from codeparts\AndroidDeskClock\AndroidManifest.xml:217:17-86
	android:name
		ADDED from codeparts\AndroidDeskClock\AndroidManifest.xml:217:25-83
intent-filter#android.intent.category.DEFAULT+android.intent.category.VOICE+com.android.deskclock.action.LAP_STOPWATCH
ADDED from codeparts\AndroidDeskClock\AndroidManifest.xml:221:13-225:29
action#com.android.deskclock.action.LAP_STOPWATCH
ADDED from codeparts\AndroidDeskClock\AndroidManifest.xml:222:17-85
	android:name
		ADDED from codeparts\AndroidDeskClock\AndroidManifest.xml:222:25-82
intent-filter#android.intent.category.DEFAULT+android.intent.category.VOICE+com.android.deskclock.action.RESET_STOPWATCH
ADDED from codeparts\AndroidDeskClock\AndroidManifest.xml:226:13-230:29
action#com.android.deskclock.action.RESET_STOPWATCH
ADDED from codeparts\AndroidDeskClock\AndroidManifest.xml:227:17-87
	android:name
		ADDED from codeparts\AndroidDeskClock\AndroidManifest.xml:227:25-84
receiver#com.android.deskclock.AlarmInitReceiver
ADDED from codeparts\AndroidDeskClock\AndroidManifest.xml:233:9-241:20
	android:name
		ADDED from codeparts\AndroidDeskClock\AndroidManifest.xml:233:19-51
intent-filter#android.intent.action.BOOT_COMPLETED+android.intent.action.LOCALE_CHANGED+android.intent.action.MY_PACKAGE_REPLACED+android.intent.action.TIMEZONE_CHANGED+android.intent.action.TIME_SET
ADDED from codeparts\AndroidDeskClock\AndroidManifest.xml:234:13-240:29
action#android.intent.action.BOOT_COMPLETED
ADDED from codeparts\AndroidDeskClock\AndroidManifest.xml:235:17-79
	android:name
		ADDED from codeparts\AndroidDeskClock\AndroidManifest.xml:235:25-76
action#android.intent.action.TIME_SET
ADDED from codeparts\AndroidDeskClock\AndroidManifest.xml:236:17-73
	android:name
		ADDED from codeparts\AndroidDeskClock\AndroidManifest.xml:236:25-70
action#android.intent.action.TIMEZONE_CHANGED
ADDED from codeparts\AndroidDeskClock\AndroidManifest.xml:237:17-81
	android:name
		ADDED from codeparts\AndroidDeskClock\AndroidManifest.xml:237:25-78
action#android.intent.action.LOCALE_CHANGED
ADDED from codeparts\AndroidDeskClock\AndroidManifest.xml:238:17-79
	android:name
		ADDED from codeparts\AndroidDeskClock\AndroidManifest.xml:238:25-76
action#android.intent.action.MY_PACKAGE_REPLACED
ADDED from codeparts\AndroidDeskClock\AndroidManifest.xml:239:17-84
	android:name
		ADDED from codeparts\AndroidDeskClock\AndroidManifest.xml:239:25-81
receiver#com.android.alarmclock.AnalogAppWidgetProvider
ADDED from codeparts\AndroidDeskClock\AndroidManifest.xml:243:9-257:20
	android:label
		ADDED from codeparts\AndroidDeskClock\AndroidManifest.xml:246:13-50
	android:icon
		ADDED from codeparts\AndroidDeskClock\AndroidManifest.xml:245:13-47
	android:name
		ADDED from codeparts\AndroidDeskClock\AndroidManifest.xml:244:13-74
intent-filter#android.appwidget.action.APPWIDGET_UPDATE
ADDED from codeparts\AndroidDeskClock\AndroidManifest.xml:247:13-249:29
action#android.appwidget.action.APPWIDGET_UPDATE
ADDED from codeparts\AndroidDeskClock\AndroidManifest.xml:248:17-83
	android:name
		ADDED from codeparts\AndroidDeskClock\AndroidManifest.xml:248:25-81
meta-data#android.appwidget.oldName
ADDED from codeparts\AndroidDeskClock\AndroidManifest.xml:251:13-253:80
	android:value
		ADDED from codeparts\AndroidDeskClock\AndroidManifest.xml:253:17-78
	android:name
		ADDED from codeparts\AndroidDeskClock\AndroidManifest.xml:252:17-57
meta-data#android.appwidget.provider
ADDED from codeparts\AndroidDeskClock\AndroidManifest.xml:254:13-256:59
	android:resource
		ADDED from codeparts\AndroidDeskClock\AndroidManifest.xml:256:17-57
	android:name
		ADDED from codeparts\AndroidDeskClock\AndroidManifest.xml:255:17-58
receiver#com.android.alarmclock.DigitalAppWidgetProvider
ADDED from codeparts\AndroidDeskClock\AndroidManifest.xml:259:9-277:20
	android:label
		ADDED from codeparts\AndroidDeskClock\AndroidManifest.xml:262:13-51
	android:icon
		ADDED from codeparts\AndroidDeskClock\AndroidManifest.xml:261:13-47
	android:name
		ADDED from codeparts\AndroidDeskClock\AndroidManifest.xml:260:13-75
intent-filter#android.app.action.NEXT_ALARM_CLOCK_CHANGED+android.appwidget.action.APPWIDGET_UPDATE+android.intent.action.DATE_CHANGED+android.intent.action.LOCALE_CHANGED+android.intent.action.SCREEN_ON+android.intent.action.TIMEZONE_CHANGED+android.intent.action.TIME_SET+com.android.deskclock.CITIES_CHANGED+com.android.deskclock.ON_QUARTER_HOUR
ADDED from codeparts\AndroidDeskClock\AndroidManifest.xml:263:13-273:29
action#android.intent.action.SCREEN_ON
ADDED from codeparts\AndroidDeskClock\AndroidManifest.xml:265:17-73
	android:name
		ADDED from codeparts\AndroidDeskClock\AndroidManifest.xml:265:25-71
action#android.intent.action.DATE_CHANGED
ADDED from codeparts\AndroidDeskClock\AndroidManifest.xml:266:17-76
	android:name
		ADDED from codeparts\AndroidDeskClock\AndroidManifest.xml:266:25-74
action#com.android.deskclock.CITIES_CHANGED
ADDED from codeparts\AndroidDeskClock\AndroidManifest.xml:269:17-78
	android:name
		ADDED from codeparts\AndroidDeskClock\AndroidManifest.xml:269:25-76
action#com.android.deskclock.ON_QUARTER_HOUR
ADDED from codeparts\AndroidDeskClock\AndroidManifest.xml:270:17-79
	android:name
		ADDED from codeparts\AndroidDeskClock\AndroidManifest.xml:270:25-77
action#android.app.action.NEXT_ALARM_CLOCK_CHANGED
ADDED from codeparts\AndroidDeskClock\AndroidManifest.xml:272:17-85
	android:name
		ADDED from codeparts\AndroidDeskClock\AndroidManifest.xml:272:25-83
service#com.android.alarmclock.DigitalAppWidgetService
ADDED from codeparts\AndroidDeskClock\AndroidManifest.xml:279:9-281:41
	android:exported
		ADDED from codeparts\AndroidDeskClock\AndroidManifest.xml:281:14-38
	android:permission
		ADDED from codeparts\AndroidDeskClock\AndroidManifest.xml:280:14-70
	android:name
		ADDED from codeparts\AndroidDeskClock\AndroidManifest.xml:279:18-79
service#com.android.deskclock.Screensaver
ADDED from codeparts\AndroidDeskClock\AndroidManifest.xml:284:9-296:19
	android:label
		ADDED from codeparts\AndroidDeskClock\AndroidManifest.xml:286:13-46
	android:exported
		ADDED from codeparts\AndroidDeskClock\AndroidManifest.xml:285:13-36
	android:permission
		ADDED from codeparts\AndroidDeskClock\AndroidManifest.xml:287:13-71
	android:name
		ADDED from codeparts\AndroidDeskClock\AndroidManifest.xml:284:18-44
intent-filter#android.app.action.NEXT_ALARM_CLOCK_CHANGED+android.intent.category.DEFAULT+android.service.dreams.DreamService
ADDED from codeparts\AndroidDeskClock\AndroidManifest.xml:288:13-292:29
action#android.service.dreams.DreamService
ADDED from codeparts\AndroidDeskClock\AndroidManifest.xml:289:17-78
	android:name
		ADDED from codeparts\AndroidDeskClock\AndroidManifest.xml:289:25-75
meta-data#android.service.dream
ADDED from codeparts\AndroidDeskClock\AndroidManifest.xml:293:13-295:54
	android:resource
		ADDED from codeparts\AndroidDeskClock\AndroidManifest.xml:295:17-51
	android:name
		ADDED from codeparts\AndroidDeskClock\AndroidManifest.xml:294:17-53
activity#com.android.deskclock.settings.ScreensaverSettingsActivity
ADDED from codeparts\AndroidDeskClock\AndroidManifest.xml:299:9-309:20
	android:label
		ADDED from codeparts\AndroidDeskClock\AndroidManifest.xml:300:17-61
	android:excludeFromRecents
		ADDED from codeparts\AndroidDeskClock\AndroidManifest.xml:303:17-50
	android:exported
		ADDED from codeparts\AndroidDeskClock\AndroidManifest.xml:304:17-40
	android:theme
		ADDED from codeparts\AndroidDeskClock\AndroidManifest.xml:301:17-53
	android:taskAffinity
		ADDED from codeparts\AndroidDeskClock\AndroidManifest.xml:302:17-40
	android:name
		ADDED from codeparts\AndroidDeskClock\AndroidManifest.xml:299:19-71
activity#com.android.deskclock.AlarmSelectionActivity
ADDED from codeparts\AndroidDeskClock\AndroidManifest.xml:311:9-314:81
	android:label
		ADDED from codeparts\AndroidDeskClock\AndroidManifest.xml:313:13-50
	android:theme
		ADDED from codeparts\AndroidDeskClock\AndroidManifest.xml:314:13-79
	android:name
		ADDED from codeparts\AndroidDeskClock\AndroidManifest.xml:312:13-51
activity#com.android.deskclock.timer.TimerAlertFullScreen
ADDED from codeparts\AndroidDeskClock\AndroidManifest.xml:319:9-325:88
	android:excludeFromRecents
		ADDED from codeparts\AndroidDeskClock\AndroidManifest.xml:320:17-50
	android:launchMode
		ADDED from codeparts\AndroidDeskClock\AndroidManifest.xml:322:17-52
	android:configChanges
		ADDED from codeparts\AndroidDeskClock\AndroidManifest.xml:325:17-86
	android:showOnLockScreen
		ADDED from codeparts\AndroidDeskClock\AndroidManifest.xml:323:17-48
	android:theme
		ADDED from codeparts\AndroidDeskClock\AndroidManifest.xml:321:17-65
	android:taskAffinity
		ADDED from codeparts\AndroidDeskClock\AndroidManifest.xml:324:17-40
	android:name
		ADDED from codeparts\AndroidDeskClock\AndroidManifest.xml:319:19-82
service#com.android.deskclock.TimerRingService
ADDED from codeparts\AndroidDeskClock\AndroidManifest.xml:327:9-333:19
	android:exported
		ADDED from codeparts\AndroidDeskClock\AndroidManifest.xml:328:17-41
	android:description
		ADDED from codeparts\AndroidDeskClock\AndroidManifest.xml:329:17-70
	android:name
		ADDED from codeparts\AndroidDeskClock\AndroidManifest.xml:327:18-49
intent-filter#com.android.deskclock.TIMER_ALERT
ADDED from codeparts\AndroidDeskClock\AndroidManifest.xml:330:13-332:29
action#com.android.deskclock.TIMER_ALERT
ADDED from codeparts\AndroidDeskClock\AndroidManifest.xml:331:17-76
	android:name
		ADDED from codeparts\AndroidDeskClock\AndroidManifest.xml:331:25-73
receiver#com.android.deskclock.timer.TimerReceiver
ADDED from codeparts\AndroidDeskClock\AndroidManifest.xml:335:9-358:20
	android:exported
		ADDED from codeparts\AndroidDeskClock\AndroidManifest.xml:336:17-41
	android:name
		ADDED from codeparts\AndroidDeskClock\AndroidManifest.xml:335:19-75
intent-filter#delete_timer+notif_in_use_cancel+notif_in_use_show+notif_pause_timer+notif_plus_one_timer+notif_reset_all_timers+notif_reset_timer+notif_resume_timer+notif_times_up_cancel+notif_times_up_plus_one+notif_times_up_show+notif_times_up_stop+notif_update+reset_timer+start_timer+stop_timer+timer_done+timer_update+times_up
ADDED from codeparts\AndroidDeskClock\AndroidManifest.xml:337:13-357:29
action#start_timer
ADDED from codeparts\AndroidDeskClock\AndroidManifest.xml:338:17-54
	android:name
		ADDED from codeparts\AndroidDeskClock\AndroidManifest.xml:338:25-51
action#stop_timer
ADDED from codeparts\AndroidDeskClock\AndroidManifest.xml:339:17-53
	android:name
		ADDED from codeparts\AndroidDeskClock\AndroidManifest.xml:339:25-50
action#delete_timer
ADDED from codeparts\AndroidDeskClock\AndroidManifest.xml:340:17-55
	android:name
		ADDED from codeparts\AndroidDeskClock\AndroidManifest.xml:340:25-52
action#reset_timer
ADDED from codeparts\AndroidDeskClock\AndroidManifest.xml:341:17-54
	android:name